<?xml version="1.0" encoding="UTF-8"?>
<!-- Generated by org.testng.reporters.JUnitReportReporter -->
<testsuite name="com.redbusprojects.practise.loginpage_practise" tests="1" time="32.613" ignored="0" failures="0" timestamp="13 Dec 2017 17:31:07 GMT" skipped="0" hostname="admin-PC" errors="0">
  <testcase name="testCases" time="32.613" classname="com.redbusprojects.practise.loginpage_practise"/>
</testsuite> <!-- com.redbusprojects.practise.loginpage_practise -->
