<?xml version="1.0" encoding="UTF-8"?>
<!-- Generated by org.testng.reporters.JUnitReportReporter -->
<testsuite name="com.redbusprojects.testcases.TC_001LoginPage" tests="6" time="59.505" ignored="0" failures="0" timestamp="16 Dec 2017 15:41:08 GMT" skipped="4" hostname="admin-PC" errors="0">
  <testcase name="loginpagetestcase" time="11.434" classname="com.redbusprojects.testcases.TC_001LoginPage"/>
  <testcase name="loginpagetestcase" time="0.001" classname="com.redbusprojects.testcases.TC_001LoginPage">
    <skipped/>
  </testcase> <!-- loginpagetestcase -->
  <testcase name="loginpagetestcase" time="0.003" classname="com.redbusprojects.testcases.TC_001LoginPage">
    <skipped/>
  </testcase> <!-- loginpagetestcase -->
  <testcase name="loginpagetestcase" time="0.020" classname="com.redbusprojects.testcases.TC_001LoginPage">
    <skipped/>
  </testcase> <!-- loginpagetestcase -->
  <testcase name="loginpagetestcase" time="0.002" classname="com.redbusprojects.testcases.TC_001LoginPage">
    <skipped/>
  </testcase> <!-- loginpagetestcase -->
  <testcase name="loginpagetestcase" time="48.045" classname="com.redbusprojects.testcases.TC_001LoginPage"/>
</testsuite> <!-- com.redbusprojects.testcases.TC_001LoginPage -->
